Using pre-set license
Built from '2021.1/release' branch; Version is '2021.1.16f1 (5fa502fca597) revision 6268162'; Using compiler version '192528614'; Build Type 'Release'
OS: 'Windows 10 Pro; OS build 19043.1266; Version 2009; 64bit' Language: 'en' Physical Memory: 8077 MB
BatchMode: 1, IsHumanControllingUs: 0, StartBugReporterOnCrash: 0, Is64bit: 1, IsPro: 0

 COMMAND LINE ARGUMENTS:
E:\totnghiep\unity\Unity 2021.1.16f1\Editor\Unity.exe
-adb2
-batchMode
-noUpm
-name
AssetImportWorker0
-projectPath
E:/totnghiep/PROJECT_LTD2K/codeUnity
-logFile
Logs/AssetImportWorker0.log
-srvPort
63063
Successfully changed project path to: E:/totnghiep/PROJECT_LTD2K/codeUnity
E:/totnghiep/PROJECT_LTD2K/codeUnity
Using Asset Import Pipeline V2.
Refreshing native plugins compatible for Editor in 166.41 ms, found 4 plugins.
Preloading 0 native plugins for Editor in 0.00 ms.
Initialize engine version: 2021.1.16f1 (5fa502fca597)
[Subsystems] Discovering subsystems at path E:/totnghiep/unity/Unity 2021.1.16f1/Editor/Data/Resources/UnitySubsystems
[Subsystems] Discovering subsystems at path E:/totnghiep/PROJECT_LTD2K/codeUnity/Assets
GfxDevice: creating device client; threaded=0; jobified=0
Direct3D:
    Version:  Direct3D 11.0 [level 11.0]
    Renderer: NVIDIA GeForce 940MX (ID=0x134d)
    Vendor:   NVIDIA
    VRAM:     2010 MB
    Driver:   30.0.14.7212
Initialize mono
Mono path[0] = 'E:/totnghiep/unity/Unity 2021.1.16f1/Editor/Data/Managed'
Mono path[1] = 'E:/totnghiep/unity/Unity 2021.1.16f1/Editor/Data/MonoBleedingEdge/lib/mono/unityjit'
Mono config path = 'E:/totnghiep/unity/Unity 2021.1.16f1/Editor/Data/MonoBleedingEdge/etc'
Using monoOptions --debugger-agent=transport=dt_socket,embedding=1,server=y,suspend=n,address=127.0.0.1:56836
Begin MonoManager ReloadAssembly
Registering precompiled unity dll's ...
Register platform support module: E:/totnghiep/unity/Unity 2021.1.16f1/Editor/Data/PlaybackEngines/WindowsStandaloneSupport/UnityEditor.WindowsStandalone.Extensions.dll
Registered in 0.001296 seconds.
Native extension for WindowsStandalone target not found
Refreshing native plugins compatible for Editor in 187.44 ms, found 4 plugins.
Preloading 0 native plugins for Editor in 0.00 ms.
Mono: successfully reloaded assembly
- Completed reload, in  1.683 seconds
Domain Reload Profiling:
	ReloadAssembly (1683ms)
		BeginReloadAssembly (138ms)
			ExecutionOrderSort (0ms)
			DisableScriptedObjects (0ms)
			BackupInstance (0ms)
			ReleaseScriptingObjects (0ms)
			CreateAndSetChildDomain (1ms)
		EndReloadAssembly (876ms)
			LoadAssemblies (136ms)
			RebuildTransferFunctionScriptingTraits (0ms)
			SetupTypeCache (364ms)
			ReleaseScriptCaches (0ms)
			RebuildScriptCaches (44ms)
			SetupLoadedEditorAssemblies (399ms)
				LogAssemblyErrors (0ms)
				InitializePlatformSupportModulesInManaged (9ms)
				SetLoadedEditorAssemblies (0ms)
				RefreshPlugins (188ms)
				BeforeProcessingInitializeOnLoad (2ms)
				ProcessInitializeOnLoadAttributes (157ms)
				ProcessInitializeOnLoadMethodAttributes (43ms)
				AfterProcessingInitializeOnLoad (0ms)
				EditorAssembliesLoaded (0ms)
			ExecutionOrderSort2 (0ms)
			AwakeInstancesAfterBackupRestoration (0ms)
Platform modules already initialized, skipping
Registering precompiled user dll's ...
Registered in 0.006135 seconds.
Begin MonoManager ReloadAssembly
Symbol file LoadedFromMemory doesn't match image E:\totnghiep\PROJECT_LTD2K\codeUnity\Library\PackageCache\com.unity.visualscripting@1.6.1\Editor\VisualScripting.Core\Dependencies\YamlDotNet\Unity.VisualScripting.YamlDotNet.dll
Symbol file LoadedFromMemory doesn't match image E:\totnghiep\PROJECT_LTD2K\codeUnity\Library\PackageCache\com.unity.visualscripting@1.6.1\Editor\VisualScripting.Core\Dependencies\DotNetZip\Unity.VisualScripting.IonicZip.dll
Native extension for WindowsStandalone target not found
Refreshing native plugins compatible for Editor in 125.32 ms, found 4 plugins.
Preloading 0 native plugins for Editor in 0.00 ms.
Mono: successfully reloaded assembly
- Completed reload, in  2.262 seconds
Domain Reload Profiling:
	ReloadAssembly (2262ms)
		BeginReloadAssembly (232ms)
			ExecutionOrderSort (0ms)
			DisableScriptedObjects (5ms)
			BackupInstance (0ms)
			ReleaseScriptingObjects (0ms)
			CreateAndSetChildDomain (66ms)
		EndReloadAssembly (1952ms)
			LoadAssemblies (218ms)
			RebuildTransferFunctionScriptingTraits (0ms)
			SetupTypeCache (702ms)
			ReleaseScriptCaches (1ms)
			RebuildScriptCaches (71ms)
			SetupLoadedEditorAssemblies (820ms)
				LogAssemblyErrors (0ms)
				InitializePlatformSupportModulesInManaged (5ms)
				SetLoadedEditorAssemblies (0ms)
				RefreshPlugins (125ms)
				BeforeProcessingInitializeOnLoad (100ms)
				ProcessInitializeOnLoadAttributes (534ms)
				ProcessInitializeOnLoadMethodAttributes (52ms)
				AfterProcessingInitializeOnLoad (5ms)
				EditorAssembliesLoaded (0ms)
			ExecutionOrderSort2 (0ms)
			AwakeInstancesAfterBackupRestoration (14ms)
Platform modules already initialized, skipping
========================================================================
Worker process is ready to serve import requests
Launched and connected shader compiler UnityShaderCompiler.exe after 0.09 seconds
Refreshing native plugins compatible for Editor in 0.93 ms, found 4 plugins.
Preloading 0 native plugins for Editor in 0.00 ms.
Unloading 3675 Unused Serialized files (Serialized files now loaded: 0)
System memory in use before: 149.2 MB.
System memory in use after: 149.3 MB.

Unloading 37 unused Assets to reduce memory usage. Loaded Objects now: 4139.
Total: 4.548400 ms (FindLiveObjects: 0.325800 ms CreateObjectMapping: 0.188000 ms MarkObjects: 3.892000 ms  DeleteObjects: 0.141300 ms)

AssetImportParameters requested are different than current active one (requested -> active):
  custom:framework-win-MediaFoundation: 216162199b28c13a410421893ffa2e32 -> 
  custom:video-decoder-ogg-theora: a1e56fd34408186e4bbccfd4996cb3dc -> 
  custom:container-muxer-webm: aa71ff27fc2769a1b78a27578f13a17b -> 
  custom:container-demuxer-webm: 4f35f7cbe854078d1ac9338744f61a02 -> 
  custom:container-demuxer-ogg: 62fdf1f143b41e24485cea50d1cbac27 -> 
  custom:video-encoder-webm-vp8: eb34c28f22e8b96e1ab97ce403110664 -> 
  custom:video-decoder-webm-vp8: 9c59270c3fd7afecdb556c50c9e8de78 -> 
  custom:audio-decoder-ogg-vorbis: bf7c407c2cedff20999df2af8eb42d56 -> 
  custom:audio-encoder-webm-vorbis: bf7c407c2cedff20999df2af8eb42d56 -> 
========================================================================
Received Import Request.
  path: Assets/Scenes/kaito.unity
  artifactKey: Guid(37ee91d63a419894d81d0cb458651de5) Importer(815301076,1909f56bfc062723c751e8b465ee728b)
Start importing Assets/Scenes/kaito.unity using Guid(37ee91d63a419894d81d0cb458651de5) Importer(815301076,1909f56bfc062723c751e8b465ee728b)  -> (artifact id: '65caec1771bc9f22f2990cfab550b209') in 0.023396 seconds 
========================================================================
Received Import Request.
  Time since last request: 529.244759 seconds.
  path: Assets/Image/leaderboard_bg.png
  artifactKey: Guid(3bd448ef554e36a4a87424ab4b1cd22d) Importer(815301076,1909f56bfc062723c751e8b465ee728b)
Start importing Assets/Image/leaderboard_bg.png using Guid(3bd448ef554e36a4a87424ab4b1cd22d) Importer(815301076,1909f56bfc062723c751e8b465ee728b)  -> (artifact id: '1a0d93c680c1764695d4f8dccd0a6401') in 0.228961 seconds 
========================================================================
Received Import Request.
  Time since last request: 62.405004 seconds.
  path: Assets/Scenes/kaito.unity
  artifactKey: Guid(37ee91d63a419894d81d0cb458651de5) Importer(815301076,1909f56bfc062723c751e8b465ee728b)
Start importing Assets/Scenes/kaito.unity using Guid(37ee91d63a419894d81d0cb458651de5) Importer(815301076,1909f56bfc062723c751e8b465ee728b)  -> (artifact id: 'b2b7e4b331eb370b10bc984ea6c9df51') in 0.010475 seconds 
========================================================================
Received Import Request.
  Time since last request: 19.822292 seconds.
  path: Assets/Scenes/leaderboard.unity
  artifactKey: Guid(37ee91d63a419894d81d0cb458651de5) Importer(815301076,1909f56bfc062723c751e8b465ee728b)
Start importing Assets/Scenes/leaderboard.unity using Guid(37ee91d63a419894d81d0cb458651de5) Importer(815301076,1909f56bfc062723c751e8b465ee728b)  -> (artifact id: '27d2667ec126ec17f4aee15aea2bc092') in 0.015328 seconds 
========================================================================
Received Import Request.
  Time since last request: 635.256438 seconds.
  path: Assets/PopUp LB
  artifactKey: Guid(5daca19cc9534864c9fa496fce5a8846) Importer(815301076,1909f56bfc062723c751e8b465ee728b)
Start importing Assets/PopUp LB using Guid(5daca19cc9534864c9fa496fce5a8846) Importer(815301076,1909f56bfc062723c751e8b465ee728b)  -> (artifact id: 'dc49bc9d951ab2e84205588bc7afe4c2') in 0.036834 seconds 
========================================================================
Received Import Request.
  Time since last request: 20.910531 seconds.
  path: Assets/PopUp LB/Scripts
  artifactKey: Guid(a466ad7f5d2b2974997db3ab9f3157ca) Importer(815301076,1909f56bfc062723c751e8b465ee728b)
Start importing Assets/PopUp LB/Scripts using Guid(a466ad7f5d2b2974997db3ab9f3157ca) Importer(815301076,1909f56bfc062723c751e8b465ee728b)  -> (artifact id: '2b9277bb38a65daf796eeefaf4622c56') in 0.013440 seconds 
========================================================================
Received Import Request.
  Time since last request: 20.641022 seconds.
  path: Assets/PopUp LB/Prefabs
  artifactKey: Guid(7041201fa3377fd41a13a65b928f21fa) Importer(815301076,1909f56bfc062723c751e8b465ee728b)
Start importing Assets/PopUp LB/Prefabs using Guid(7041201fa3377fd41a13a65b928f21fa) Importer(815301076,1909f56bfc062723c751e8b465ee728b)  -> (artifact id: 'ee8888fafb964dd297dbdfbebac99573') in 0.012823 seconds 
========================================================================
Received Import Request.
  Time since last request: 605.309595 seconds.
  path: Assets/Image/Puerto 1.png
  artifactKey: Guid(dd9426fd7a1784043a1def7bf429652d) Importer(815301076,1909f56bfc062723c751e8b465ee728b)
Start importing Assets/Image/Puerto 1.png using Guid(dd9426fd7a1784043a1def7bf429652d) Importer(815301076,1909f56bfc062723c751e8b465ee728b)  -> (artifact id: '317a74cd6fe6404e5d396569021fffd2') in 0.061289 seconds 
========================================================================
Received Import Request.
  Time since last request: 997.138804 seconds.
  path: Assets/Image/x.png
  artifactKey: Guid(ee6ae1b554a876940827681b172e495c) Importer(815301076,1909f56bfc062723c751e8b465ee728b)
Start importing Assets/Image/x.png using Guid(ee6ae1b554a876940827681b172e495c) Importer(815301076,1909f56bfc062723c751e8b465ee728b)  -> (artifact id: '6acf791e3dd229cbf4c969c7a7a7e345') in 0.040501 seconds 
========================================================================
Received Import Request.
  Time since last request: 359.197974 seconds.
  path: Assets/Image/LeaderBoard Table.png
  artifactKey: Guid(c6e02cf98f4e8d04687196f2981c0565) Importer(815301076,1909f56bfc062723c751e8b465ee728b)
Start importing Assets/Image/LeaderBoard Table.png using Guid(c6e02cf98f4e8d04687196f2981c0565) Importer(815301076,1909f56bfc062723c751e8b465ee728b)  -> (artifact id: 'aabef082c7e5ffa04d65859926885eab') in 0.019547 seconds 
========================================================================
Received Import Request.
  Time since last request: 283.228141 seconds.
  path: Assets/Image/local.png
  artifactKey: Guid(6ba1e700923643c469ac987f50d67178) Importer(815301076,1909f56bfc062723c751e8b465ee728b)
Start importing Assets/Image/local.png using Guid(6ba1e700923643c469ac987f50d67178) Importer(815301076,1909f56bfc062723c751e8b465ee728b)  -> (artifact id: '02d8fef584dfceb0e4606d42c3fb57cc') in 0.026440 seconds 
========================================================================
Received Import Request.
  Time since last request: 232.702136 seconds.
  path: Assets/Scenes/leaderboard.unity
  artifactKey: Guid(37ee91d63a419894d81d0cb458651de5) Importer(815301076,1909f56bfc062723c751e8b465ee728b)
Start importing Assets/Scenes/leaderboard.unity using Guid(37ee91d63a419894d81d0cb458651de5) Importer(815301076,1909f56bfc062723c751e8b465ee728b)  -> (artifact id: '8cf439a8fd3f6c6dac98a31867dd2abc') in 0.015466 seconds 
========================================================================
Received Import Request.
  Time since last request: 134.127619 seconds.
  path: Assets/Image/local.png
  artifactKey: Guid(6ba1e700923643c469ac987f50d67178) Importer(815301076,1909f56bfc062723c751e8b465ee728b)
Start importing Assets/Image/local.png using Guid(6ba1e700923643c469ac987f50d67178) Importer(815301076,1909f56bfc062723c751e8b465ee728b)  -> (artifact id: 'a186881e298f7b9a26b5c958d28c6d9e') in 0.046379 seconds 
========================================================================
Received Import Request.
  Time since last request: 0.348022 seconds.
  path: Assets/Image/global.png
  artifactKey: Guid(21712609b5184cc4593c6a6eaa86b8dc) Importer(815301076,1909f56bfc062723c751e8b465ee728b)
Start importing Assets/Image/global.png using Guid(21712609b5184cc4593c6a6eaa86b8dc) Importer(815301076,1909f56bfc062723c751e8b465ee728b)  -> (artifact id: '74f27ff77538d89224b7198d1b7fd259') in 0.016316 seconds 
========================================================================
Received Import Request.
  Time since last request: 2763.461503 seconds.
  path: Assets/Image/row.png
  artifactKey: Guid(36147df064d4d914ba0ab6a6b16b801c) Importer(815301076,1909f56bfc062723c751e8b465ee728b)
Start importing Assets/Image/row.png using Guid(36147df064d4d914ba0ab6a6b16b801c) Importer(815301076,1909f56bfc062723c751e8b465ee728b)  -> (artifact id: '3f1d839a2c95f29b56281ac923636912') in 0.059882 seconds 
========================================================================
Received Import Request.
  Time since last request: 1407.556107 seconds.
  path: Assets/Image/VN.png
  artifactKey: Guid(0673ad2c4ffa4074a82da0a2e166f855) Importer(815301076,1909f56bfc062723c751e8b465ee728b)
Start importing Assets/Image/VN.png using Guid(0673ad2c4ffa4074a82da0a2e166f855) Importer(815301076,1909f56bfc062723c751e8b465ee728b)  -> (artifact id: 'dc4ef97a1665d5970a8180ee07e75856') in 0.070224 seconds 
========================================================================
Received Import Request.
  Time since last request: 512.671273 seconds.
  path: Assets/Image/Thành tựu.png
  artifactKey: Guid(96de0f17f7e784446a9ea9145c68869d) Importer(815301076,1909f56bfc062723c751e8b465ee728b)
Start importing Assets/Image/Thành tựu.png using Guid(96de0f17f7e784446a9ea9145c68869d) Importer(815301076,1909f56bfc062723c751e8b465ee728b)  -> (artifact id: 'dbc36c68b7f001f33907a2dffcdae625') in 0.076920 seconds 
========================================================================
Received Import Request.
  Time since last request: 0.000260 seconds.
  path: Assets/Image/top1.png
  artifactKey: Guid(814c1d9e1de821947b531f690b58acc6) Importer(815301076,1909f56bfc062723c751e8b465ee728b)
Start importing Assets/Image/top1.png using Guid(814c1d9e1de821947b531f690b58acc6) Importer(815301076,1909f56bfc062723c751e8b465ee728b)  -> (artifact id: 'afc478e5fde6ef20fd26eee14f50a5f0') in 0.080973 seconds 
========================================================================
Received Import Request.
  Time since last request: 560.859031 seconds.
  path: Assets/Image/cup2.png
  artifactKey: Guid(334125f70886d2e4c982973eea0101da) Importer(815301076,1909f56bfc062723c751e8b465ee728b)
Start importing Assets/Image/cup2.png using Guid(334125f70886d2e4c982973eea0101da) Importer(815301076,1909f56bfc062723c751e8b465ee728b)  -> (artifact id: '3870158defc3d3a1500f7132f0757e16') in 0.028667 seconds 
========================================================================
Received Import Request.
  Time since last request: 0.000273 seconds.
  path: Assets/Image/cup3.png
  artifactKey: Guid(f6ddb517d2346974cb23cc8b36d609d8) Importer(815301076,1909f56bfc062723c751e8b465ee728b)
Start importing Assets/Image/cup3.png using Guid(f6ddb517d2346974cb23cc8b36d609d8) Importer(815301076,1909f56bfc062723c751e8b465ee728b)  -> (artifact id: 'efab598e17b3d3e4e3d12e96280d1e11') in 0.023595 seconds 
========================================================================
Received Import Request.
  Time since last request: 637.088534 seconds.
  path: Assets/Scenes/leaderboard.unity
  artifactKey: Guid(37ee91d63a419894d81d0cb458651de5) Importer(815301076,1909f56bfc062723c751e8b465ee728b)
Start importing Assets/Scenes/leaderboard.unity using Guid(37ee91d63a419894d81d0cb458651de5) Importer(815301076,1909f56bfc062723c751e8b465ee728b)  -> (artifact id: 'b6be94a8d7331dbdb018e1ecfaf1b6f2') in 0.033602 seconds 
AssetImportWorkerClient::OnTransportError - code=2 error=End of file
